TN:test
SF:/Users/grandpat/s21_matrix_oop/gtest.cpp
FN:10,_ZN13S21MatrixTest5SetUpEv
FNDA:15,_ZN13S21MatrixTest5SetUpEv
FN:37,_ZN13S21MatrixTest8TearDownEv
FNDA:15,_ZN13S21MatrixTest8TearDownEv
FN:43,_ZN30S21MatrixTest_constructor_TestC1Ev
FNDA:1,_ZN30S21MatrixTest_constructor_TestC1Ev
FN:43,_ZN30S21MatrixTest_constructor_Test8TestBodyEv
FNDA:1,_ZN30S21MatrixTest_constructor_Test8TestBodyEv
FN:43,_ZN30S21MatrixTest_constructor_TestD1Ev
FNDA:1,_ZN30S21MatrixTest_constructor_TestD1Ev
FN:43,_ZN30S21MatrixTest_constructor_TestD0Ev
FNDA:1,_ZN30S21MatrixTest_constructor_TestD0Ev
FN:49,_ZN44S21MatrixTest_constructorWithParameters_TestC1Ev
FNDA:1,_ZN44S21MatrixTest_constructorWithParameters_TestC1Ev
FN:49,_ZN44S21MatrixTest_constructorWithParameters_Test8TestBodyEv
FNDA:1,_ZN44S21MatrixTest_constructorWithParameters_Test8TestBodyEv
FN:49,_ZN44S21MatrixTest_constructorWithParameters_TestD1Ev
FNDA:1,_ZN44S21MatrixTest_constructorWithParameters_TestD1Ev
FN:49,_ZN44S21MatrixTest_constructorWithParameters_TestD0Ev
FNDA:1,_ZN44S21MatrixTest_constructorWithParameters_TestD0Ev
FN:55,_ZN49S21MatrixTest_constructorWithParametersError_TestD0Ev
FNDA:1,_ZN49S21MatrixTest_constructorWithParametersError_TestD0Ev
FN:55,_ZN49S21MatrixTest_constructorWithParametersError_Test8TestBodyEv
FNDA:1,_ZN49S21MatrixTest_constructorWithParametersError_Test8TestBodyEv
FN:55,_ZN49S21MatrixTest_constructorWithParametersError_TestD1Ev
FNDA:1,_ZN49S21MatrixTest_constructorWithParametersError_TestD1Ev
FN:55,_ZN49S21MatrixTest_constructorWithParametersError_TestC1Ev
FNDA:1,_ZN49S21MatrixTest_constructorWithParametersError_TestC1Ev
FN:59,_ZN34S21MatrixTest_constructorCopy_Test8TestBodyEv
FNDA:1,_ZN34S21MatrixTest_constructorCopy_Test8TestBodyEv
FN:59,_ZN34S21MatrixTest_constructorCopy_TestC1Ev
FNDA:1,_ZN34S21MatrixTest_constructorCopy_TestC1Ev
FN:59,_ZN34S21MatrixTest_constructorCopy_TestD0Ev
FNDA:1,_ZN34S21MatrixTest_constructorCopy_TestD0Ev
FN:59,_ZN34S21MatrixTest_constructorCopy_TestD1Ev
FNDA:1,_ZN34S21MatrixTest_constructorCopy_TestD1Ev
FN:68,_ZN34S21MatrixTest_constructorMove_TestC1Ev
FNDA:1,_ZN34S21MatrixTest_constructorMove_TestC1Ev
FN:68,_ZN34S21MatrixTest_constructorMove_Test8TestBodyEv
FNDA:1,_ZN34S21MatrixTest_constructorMove_Test8TestBodyEv
FN:68,_ZN34S21MatrixTest_constructorMove_TestD0Ev
FNDA:1,_ZN34S21MatrixTest_constructorMove_TestD0Ev
FN:68,_ZN34S21MatrixTest_constructorMove_TestD1Ev
FNDA:1,_ZN34S21MatrixTest_constructorMove_TestD1Ev
FN:78,_ZN33S21MatrixTest_getColsAndRows_TestC1Ev
FNDA:1,_ZN33S21MatrixTest_getColsAndRows_TestC1Ev
FN:78,_ZN33S21MatrixTest_getColsAndRows_Test8TestBodyEv
FNDA:1,_ZN33S21MatrixTest_getColsAndRows_Test8TestBodyEv
FN:78,_ZN33S21MatrixTest_getColsAndRows_TestD0Ev
FNDA:1,_ZN33S21MatrixTest_getColsAndRows_TestD0Ev
FN:78,_ZN33S21MatrixTest_getColsAndRows_TestD1Ev
FNDA:1,_ZN33S21MatrixTest_getColsAndRows_TestD1Ev
FN:94,_ZN34S21MatrixTest_qualityOperator_Test8TestBodyEv
FNDA:1,_ZN34S21MatrixTest_qualityOperator_Test8TestBodyEv
FN:94,_ZN34S21MatrixTest_qualityOperator_TestD0Ev
FNDA:1,_ZN34S21MatrixTest_qualityOperator_TestD0Ev
FN:94,_ZN34S21MatrixTest_qualityOperator_TestD1Ev
FNDA:1,_ZN34S21MatrixTest_qualityOperator_TestD1Ev
FN:94,_ZN34S21MatrixTest_qualityOperator_TestC1Ev
FNDA:1,_ZN34S21MatrixTest_qualityOperator_TestC1Ev
FN:102,_ZN33S21MatrixTest_equalsOperator_TestD0Ev
FNDA:1,_ZN33S21MatrixTest_equalsOperator_TestD0Ev
FN:102,_ZN33S21MatrixTest_equalsOperator_TestD1Ev
FNDA:1,_ZN33S21MatrixTest_equalsOperator_TestD1Ev
FN:102,_ZN33S21MatrixTest_equalsOperator_TestC1Ev
FNDA:1,_ZN33S21MatrixTest_equalsOperator_TestC1Ev
FN:102,_ZN33S21MatrixTest_equalsOperator_Test8TestBodyEv
FNDA:1,_ZN33S21MatrixTest_equalsOperator_Test8TestBodyEv
FN:110,_ZN40S21MatrixTest_plusAndEqualsOperator_TestD0Ev
FNDA:1,_ZN40S21MatrixTest_plusAndEqualsOperator_TestD0Ev
FN:110,_ZN40S21MatrixTest_plusAndEqualsOperator_TestD1Ev
FNDA:1,_ZN40S21MatrixTest_plusAndEqualsOperator_TestD1Ev
FN:110,_ZN40S21MatrixTest_plusAndEqualsOperator_TestC1Ev
FNDA:1,_ZN40S21MatrixTest_plusAndEqualsOperator_TestC1Ev
FN:110,_ZN40S21MatrixTest_plusAndEqualsOperator_Test8TestBodyEv
FNDA:1,_ZN40S21MatrixTest_plusAndEqualsOperator_Test8TestBodyEv
FN:127,_ZN45S21MatrixTest_plusAndEqualsOperatorError_TestD0Ev
FNDA:1,_ZN45S21MatrixTest_plusAndEqualsOperatorError_TestD0Ev
FN:127,_ZN45S21MatrixTest_plusAndEqualsOperatorError_TestD1Ev
FNDA:1,_ZN45S21MatrixTest_plusAndEqualsOperatorError_TestD1Ev
FN:127,_ZN45S21MatrixTest_plusAndEqualsOperatorError_TestC1Ev
FNDA:1,_ZN45S21MatrixTest_plusAndEqualsOperatorError_TestC1Ev
FN:127,_ZN45S21MatrixTest_plusAndEqualsOperatorError_Test8TestBodyEv
FNDA:1,_ZN45S21MatrixTest_plusAndEqualsOperatorError_Test8TestBodyEv
FN:147,_ZN46S21MatrixTest_minusAndEqualsOperatorError_TestD1Ev
FNDA:1,_ZN46S21MatrixTest_minusAndEqualsOperatorError_TestD1Ev
FN:147,_ZN46S21MatrixTest_minusAndEqualsOperatorError_Test8TestBodyEv
FNDA:1,_ZN46S21MatrixTest_minusAndEqualsOperatorError_Test8TestBodyEv
FN:147,_ZN46S21MatrixTest_minusAndEqualsOperatorError_TestD0Ev
FNDA:1,_ZN46S21MatrixTest_minusAndEqualsOperatorError_TestD0Ev
FN:147,_ZN46S21MatrixTest_minusAndEqualsOperatorError_TestC1Ev
FNDA:1,_ZN46S21MatrixTest_minusAndEqualsOperatorError_TestC1Ev
FN:172,_ZN45S21MatrixTest_mulNumberAndEqualsOperator_TestC1Ev
FNDA:1,_ZN45S21MatrixTest_mulNumberAndEqualsOperator_TestC1Ev
FN:172,_ZN45S21MatrixTest_mulNumberAndEqualsOperator_Test8TestBodyEv
FNDA:1,_ZN45S21MatrixTest_mulNumberAndEqualsOperator_Test8TestBodyEv
FN:172,_ZN45S21MatrixTest_mulNumberAndEqualsOperator_TestD0Ev
FNDA:1,_ZN45S21MatrixTest_mulNumberAndEqualsOperator_TestD0Ev
FN:172,_ZN45S21MatrixTest_mulNumberAndEqualsOperator_TestD1Ev
FNDA:1,_ZN45S21MatrixTest_mulNumberAndEqualsOperator_TestD1Ev
FN:189,_ZN35S21MatrixTest_bracketsOperator_TestD1Ev
FNDA:1,_ZN35S21MatrixTest_bracketsOperator_TestD1Ev
FN:189,_ZN35S21MatrixTest_bracketsOperator_TestC1Ev
FNDA:1,_ZN35S21MatrixTest_bracketsOperator_TestC1Ev
FN:189,_ZN35S21MatrixTest_bracketsOperator_TestD0Ev
FNDA:1,_ZN35S21MatrixTest_bracketsOperator_TestD0Ev
FN:189,_ZN35S21MatrixTest_bracketsOperator_Test8TestBodyEv
FNDA:1,_ZN35S21MatrixTest_bracketsOperator_Test8TestBodyEv
FN:201,_ZN40S21MatrixTest_bracketsOperatorError_TestD0Ev
FNDA:1,_ZN40S21MatrixTest_bracketsOperatorError_TestD0Ev
FN:201,_ZN40S21MatrixTest_bracketsOperatorError_TestD1Ev
FNDA:1,_ZN40S21MatrixTest_bracketsOperatorError_TestD1Ev
FN:201,_ZN40S21MatrixTest_bracketsOperatorError_Test8TestBodyEv
FNDA:1,_ZN40S21MatrixTest_bracketsOperatorError_Test8TestBodyEv
FN:201,_ZN40S21MatrixTest_bracketsOperatorError_TestC1Ev
FNDA:1,_ZN40S21MatrixTest_bracketsOperatorError_TestC1Ev
FN:211,_ZN45S21MatrixTest_bracketsOperatorConstError_TestD1Ev
FNDA:1,_ZN45S21MatrixTest_bracketsOperatorConstError_TestD1Ev
FN:211,_ZN45S21MatrixTest_bracketsOperatorConstError_TestD0Ev
FNDA:1,_ZN45S21MatrixTest_bracketsOperatorConstError_TestD0Ev
FN:211,_ZN45S21MatrixTest_bracketsOperatorConstError_TestC1Ev
FNDA:1,_ZN45S21MatrixTest_bracketsOperatorConstError_TestC1Ev
FN:211,_ZN45S21MatrixTest_bracketsOperatorConstError_Test8TestBodyEv
FNDA:1,_ZN45S21MatrixTest_bracketsOperatorConstError_Test8TestBodyEv
FN:299,main
FNDA:1,main
FNF:63
FNH:63
DA:10,15
DA:11,15
DA:12,15
DA:13,15
DA:14,15
DA:15,15
DA:16,15
DA:17,15
DA:18,15
DA:19,15
DA:20,15
DA:22,15
DA:23,15
DA:24,15
DA:25,15
DA:26,15
DA:27,15
DA:28,15
DA:29,15
DA:30,15
DA:31,15
DA:32,15
DA:33,15
DA:34,15
DA:35,15
DA:37,15
DA:38,15
DA:39,15
DA:40,15
DA:43,1
DA:43,1
DA:43,1
DA:43,1
DA:44,2
DA:45,1
DA:46,1
DA:47,1
DA:49,1
DA:49,1
DA:49,1
DA:49,1
DA:50,2
DA:51,1
DA:52,1
DA:53,1
DA:55,1
DA:55,1
DA:55,1
DA:55,1
DA:56,2
DA:57,1
DA:59,1
DA:59,1
DA:59,1
DA:59,1
DA:60,2
DA:61,1
DA:62,1
DA:63,1
DA:64,1
DA:65,1
DA:66,1
DA:68,1
DA:68,1
DA:68,1
DA:68,1
DA:69,2
DA:70,2
DA:71,1
DA:72,1
DA:73,1
DA:74,1
DA:75,1
DA:76,1
DA:78,1
DA:78,1
DA:78,1
DA:78,1
DA:79,1
DA:80,1
DA:81,1
DA:82,1
DA:83,1
DA:94,1
DA:94,1
DA:94,1
DA:94,1
DA:95,2
DA:96,1
DA:97,1
DA:99,1
DA:100,1
DA:102,1
DA:102,1
DA:102,1
DA:102,1
DA:103,2
DA:104,1
DA:105,1
DA:106,1
DA:107,1
DA:108,1
DA:110,1
DA:110,1
DA:110,1
DA:110,1
DA:111,2
DA:112,1
DA:113,1
DA:114,1
DA:115,1
DA:116,1
DA:117,1
DA:118,1
DA:119,1
DA:120,1
DA:121,2
DA:122,1
DA:123,1
DA:124,1
DA:125,1
DA:127,1
DA:127,1
DA:127,1
DA:127,1
DA:128,1
DA:129,1
DA:147,1
DA:147,1
DA:147,1
DA:147,1
DA:148,1
DA:149,1
DA:172,1
DA:172,1
DA:172,1
DA:172,1
DA:173,2
DA:174,1
DA:175,1
DA:176,1
DA:177,1
DA:178,1
DA:179,1
DA:180,1
DA:181,1
DA:182,1
DA:183,2
DA:184,1
DA:185,1
DA:186,1
DA:187,1
DA:189,1
DA:189,1
DA:189,1
DA:189,1
DA:190,1
DA:191,1
DA:192,1
DA:193,1
DA:194,1
DA:195,1
DA:196,1
DA:197,1
DA:198,1
DA:199,1
DA:201,1
DA:201,1
DA:201,1
DA:201,1
DA:202,1
DA:203,1
DA:204,1
DA:211,1
DA:211,1
DA:211,1
DA:211,1
DA:212,2
DA:213,1
DA:214,1
DA:215,1
DA:299,1
DA:300,1
DA:301,1
LF:184
LH:184
end_of_record
TN:test
SF:/Users/grandpat/s21_matrix_oop/s21_matrix.cpp
FN:3,_ZN9S21Matrix6CreateEv
FNDA:56,_ZN9S21Matrix6CreateEv
FN:10,_ZN9S21Matrix6RemoveEv
FNDA:56,_ZN9S21Matrix6RemoveEv
FN:20,_ZN9S21Matrix4CopyERKS_
FNDA:16,_ZN9S21Matrix4CopyERKS_
FN:28,_ZN9S21MatrixD2Ev
FNDA:0,_ZN9S21MatrixD2Ev
FN:28,_ZN9S21MatrixD1Ev
FNDA:53,_ZN9S21MatrixD1Ev
FN:38,_ZN9S21MatrixC2Ev
FNDA:0,_ZN9S21MatrixC2Ev
FN:38,_ZN9S21MatrixC1Ev
FNDA:24,_ZN9S21MatrixC1Ev
FN:40,_ZN9S21MatrixC2Eii
FNDA:0,_ZN9S21MatrixC2Eii
FN:40,_ZN9S21MatrixC1Eii
FNDA:17,_ZN9S21MatrixC1Eii
FN:47,_ZN9S21MatrixC2ERKS_
FNDA:0,_ZN9S21MatrixC2ERKS_
FN:47,_ZN9S21MatrixC1ERKS_
FNDA:12,_ZN9S21MatrixC1ERKS_
FN:54,_ZN9S21MatrixC2EOS_
FNDA:0,_ZN9S21MatrixC2EOS_
FN:54,_ZN9S21MatrixC1EOS_
FNDA:1,_ZN9S21MatrixC1EOS_
FN:66,_ZNK9S21Matrix7getRowsEv
FNDA:16,_ZNK9S21Matrix7getRowsEv
FN:68,_ZN9S21Matrix7setRowsEi
FNDA:0,_ZN9S21Matrix7setRowsEi
FN:101,_ZNK9S21Matrix7getColsEv
FNDA:14,_ZNK9S21Matrix7getColsEv
FN:103,_ZN9S21Matrix7setColsEi
FNDA:0,_ZN9S21Matrix7setColsEi
FN:124,_ZN9S21Matrix8EqMatrixERKS_
FNDA:15,_ZN9S21Matrix8EqMatrixERKS_
FN:141,_ZN9S21Matrix9SumMatrixERKS_
FNDA:3,_ZN9S21Matrix9SumMatrixERKS_
FN:152,_ZN9S21Matrix9SubMatrixERKS_
FNDA:1,_ZN9S21Matrix9SubMatrixERKS_
FN:163,_ZN9S21Matrix9MulNumberEd
FNDA:2,_ZN9S21Matrix9MulNumberEd
FN:171,_ZN9S21Matrix9MulMatrixERKS_
FNDA:0,_ZN9S21Matrix9MulMatrixERKS_
FN:188,_ZN9S21Matrix9TransposeEv
FNDA:0,_ZN9S21Matrix9TransposeEv
FN:202,_ZN9S21Matrix8getMinorEiiPS_
FNDA:0,_ZN9S21Matrix8getMinorEiiPS_
FN:221,_ZN9S21Matrix15CalcComplementsEv
FNDA:0,_ZN9S21Matrix15CalcComplementsEv
FN:235,_ZN9S21Matrix11DeterminantEv
FNDA:0,_ZN9S21Matrix11DeterminantEv
FN:243,_ZN9S21Matrix15get_DeterminantEPS_
FNDA:0,_ZN9S21Matrix15get_DeterminantEPS_
FN:264,_ZN9S21Matrix13InverseMatrixEv
FNDA:0,_ZN9S21Matrix13InverseMatrixEv
FNF:28
FNH:14
DA:3,56
DA:4,56
DA:5,245
DA:6,189
DA:8,56
DA:10,56
DA:11,245
DA:12,189
DA:13,189
DA:15,56
DA:16,56
DA:17,56
DA:18,56
DA:20,16
DA:21,68
DA:22,208
DA:23,156
DA:26,16
DA:28,106
DA:29,53
DA:30,52
DA:32,53
DA:28,0
DA:29,0
DA:30,0
DA:32,0
DA:38,24
DA:38,0
DA:40,17
DA:41,17
DA:42,1
DA:44,16
DA:45,16
DA:40,0
DA:41,0
DA:42,0
DA:44,0
DA:45,0
DA:47,12
DA:48,12
DA:49,12
DA:50,12
DA:51,12
DA:52,12
DA:47,0
DA:48,0
DA:49,0
DA:50,0
DA:51,0
DA:52,0
DA:54,1
DA:55,1
DA:56,1
DA:57,1
DA:58,1
DA:59,1
DA:60,1
DA:54,0
DA:55,0
DA:56,0
DA:57,0
DA:58,0
DA:59,0
DA:60,0
DA:66,16
DA:68,0
DA:69,0
DA:70,0
DA:72,0
DA:73,0
DA:74,0
DA:75,0
DA:76,0
DA:77,0
DA:78,0
DA:79,0
DA:83,0
DA:101,14
DA:103,0
DA:104,0
DA:105,0
DA:107,0
DA:108,0
DA:109,0
DA:110,0
DA:111,0
DA:112,0
DA:113,0
DA:114,0
DA:118,0
DA:124,15
DA:125,15
DA:126,15
DA:127,47
DA:128,124
DA:129,94
DA:130,4
DA:131,4
DA:134,13
DA:136,2
DA:138,15
DA:141,3
DA:142,3
DA:143,1
DA:145,8
DA:146,24
DA:147,18
DA:150,2
DA:152,1
DA:153,1
DA:154,1
DA:156,0
DA:157,0
DA:158,0
DA:161,0
DA:163,2
DA:164,8
DA:165,24
DA:166,18
DA:169,2
DA:171,0
DA:172,0
DA:173,0
DA:175,0
DA:177,0
DA:178,0
DA:179,0
DA:180,0
DA:181,0
DA:185,0
DA:186,0
DA:188,0
DA:189,0
DA:190,0
DA:191,0
DA:192,0
DA:195,0
DA:202,0
DA:203,0
DA:204,0
DA:205,0
DA:206,0
DA:207,0
DA:209,0
DA:210,0
DA:211,0
DA:212,0
DA:214,0
DA:215,0
DA:217,0
DA:219,0
DA:221,0
DA:222,0
DA:223,0
DA:225,0
DA:226,0
DA:227,0
DA:228,0
DA:229,0
DA:232,0
DA:235,0
DA:236,0
DA:237,0
DA:239,0
DA:240,0
DA:243,0
DA:245,0
DA:246,0
DA:248,0
DA:249,0
DA:250,0
DA:251,0
DA:252,0
DA:254,0
DA:257,0
DA:264,0
DA:265,0
DA:266,0
DA:267,0
DA:269,0
DA:270,0
DA:271,0
LF:182
LH:69
end_of_record
TN:test
SF:/Users/grandpat/s21_matrix_oop/s21_operator.cpp
FN:3,_ZN9S21MatrixplERKS_
FNDA:2,_ZN9S21MatrixplERKS_
FN:9,_ZN9S21MatrixmiERKS_
FNDA:1,_ZN9S21MatrixmiERKS_
FN:15,_ZN9S21MatrixmlERKS_
FNDA:0,_ZN9S21MatrixmlERKS_
FN:21,_ZN9S21MatrixmlEd
FNDA:1,_ZN9S21MatrixmlEd
FN:27,_ZN9S21MatrixeqERKS_
FNDA:15,_ZN9S21MatrixeqERKS_
FN:31,_ZN9S21MatrixaSERKS_
FNDA:4,_ZN9S21MatrixaSERKS_
FN:42,_ZN9S21MatrixpLERKS_
FNDA:1,_ZN9S21MatrixpLERKS_
FN:47,_ZN9S21MatrixmIERKS_
FNDA:0,_ZN9S21MatrixmIERKS_
FN:52,_ZN9S21MatrixmLERKS_
FNDA:0,_ZN9S21MatrixmLERKS_
FN:57,_ZN9S21MatrixmLEd
FNDA:1,_ZN9S21MatrixmLEd
FN:62,_ZN9S21MatrixclEii
FNDA:344,_ZN9S21MatrixclEii
FN:69,_ZNK9S21MatrixclEii
FNDA:176,_ZNK9S21MatrixclEii
FNF:12
FNH:9
DA:3,2
DA:4,2
DA:5,2
DA:6,1
DA:9,1
DA:10,1
DA:11,1
DA:12,0
DA:15,0
DA:16,0
DA:17,0
DA:18,0
DA:21,1
DA:22,1
DA:23,1
DA:24,1
DA:27,15
DA:28,15
DA:31,4
DA:32,4
DA:33,0
DA:35,4
DA:36,4
DA:37,4
DA:38,4
DA:39,4
DA:42,1
DA:43,1
DA:44,1
DA:47,0
DA:48,0
DA:49,0
DA:52,0
DA:53,0
DA:54,0
DA:57,1
DA:58,1
DA:59,1
DA:62,344
DA:63,344
DA:64,2
DA:66,342
DA:69,176
DA:70,176
DA:71,2
DA:73,174
LF:46
LH:34
end_of_record
